<?xml version="1.0" encoding="UTF-8"?>
<testng-results skipped="0" failed="1" ignored="0" total="19" passed="18">
  <reporter-output>
  </reporter-output>
  <suite name="Suite" duration-ms="34668" started-at="2020-11-17T10:48:07 IST" finished-at="2020-11-17T10:48:41 IST">
    <groups>
    </groups>
    <test name="Test" duration-ms="34668" started-at="2020-11-17T10:48:07 IST" finished-at="2020-11-17T10:48:41 IST">
      <class name="stepDefinations.TpdDef">
        <test-method status="PASS" signature="user_is_On_TPD_Login_Page()[pri:1, instance:stepDefinations.TpdDef@5d99c6b5]" name="user_is_On_TPD_Login_Page" duration-ms="9990" started-at="2020-11-17T10:48:07 IST" finished-at="2020-11-17T10:48:17 IST">
          <reporter-output>
          </reporter-output>
        </test-method> <!-- user_is_On_TPD_Login_Page -->
        <test-method status="PASS" signature="user_enters_Username_and_Password_and_clicks_on_log_in()[pri:2, instance:stepDefinations.TpdDef@5d99c6b5]" name="user_enters_Username_and_Password_and_clicks_on_log_in" duration-ms="3261" started-at="2020-11-17T10:48:17 IST" finished-at="2020-11-17T10:48:20 IST">
          <reporter-output>
          </reporter-output>
        </test-method> <!-- user_enters_Username_and_Password_and_clicks_on_log_in -->
        <test-method status="PASS" signature="validate_User_is_on_TPD_Page()[pri:3, instance:stepDefinations.TpdDef@5d99c6b5]" name="validate_User_is_on_TPD_Page" duration-ms="10" started-at="2020-11-17T10:48:20 IST" finished-at="2020-11-17T10:48:20 IST">
          <reporter-output>
          </reporter-output>
        </test-method> <!-- validate_User_is_on_TPD_Page -->
        <test-method status="PASS" signature="select_cycle_month_year_in_the_dropdown_and_click_on_search()[pri:4, instance:stepDefinations.TpdDef@5d99c6b5]" name="select_cycle_month_year_in_the_dropdown_and_click_on_search" duration-ms="2334" started-at="2020-11-17T10:48:20 IST" finished-at="2020-11-17T10:48:22 IST">
          <reporter-output>
          </reporter-output>
        </test-method> <!-- select_cycle_month_year_in_the_dropdown_and_click_on_search -->
        <test-method status="PASS" signature="verify_commission_statement_is_displayed()[pri:5, instance:stepDefinations.TpdDef@5d99c6b5]" name="verify_commission_statement_is_displayed" duration-ms="2018" started-at="2020-11-17T10:48:23 IST" finished-at="2020-11-17T10:48:25 IST">
          <reporter-output>
          </reporter-output>
        </test-method> <!-- verify_commission_statement_is_displayed -->
        <test-method status="PASS" signature="user_clicks_on_show_hide()[pri:6, instance:stepDefinations.TpdDef@5d99c6b5]" name="user_clicks_on_show_hide" duration-ms="2633" started-at="2020-11-17T10:48:25 IST" finished-at="2020-11-17T10:48:27 IST">
          <reporter-output>
          </reporter-output>
        </test-method> <!-- user_clicks_on_show_hide -->
        <test-method status="PASS" signature="user_to_click_on_download_statement()[pri:7, instance:stepDefinations.TpdDef@5d99c6b5]" name="user_to_click_on_download_statement" duration-ms="4146" started-at="2020-11-17T10:48:27 IST" finished-at="2020-11-17T10:48:31 IST">
          <reporter-output>
          </reporter-output>
        </test-method> <!-- user_to_click_on_download_statement -->
        <test-method status="PASS" signature="download_statement_pop_up_is_displayed()[pri:8, instance:stepDefinations.TpdDef@5d99c6b5]" name="download_statement_pop_up_is_displayed" duration-ms="34" started-at="2020-11-17T10:48:31 IST" finished-at="2020-11-17T10:48:31 IST">
          <reporter-output>
          </reporter-output>
        </test-method> <!-- download_statement_pop_up_is_displayed -->
        <test-method status="PASS" signature="user_clicks_on_download()[pri:9, instance:stepDefinations.TpdDef@5d99c6b5]" name="user_clicks_on_download" duration-ms="3051" started-at="2020-11-17T10:48:31 IST" finished-at="2020-11-17T10:48:34 IST">
          <reporter-output>
          </reporter-output>
        </test-method> <!-- user_clicks_on_download -->
        <test-method status="PASS" signature="verify_the_file_is_downloaded()[pri:10, instance:stepDefinations.TpdDef@5d99c6b5]" name="verify_the_file_is_downloaded" duration-ms="54" started-at="2020-11-17T10:48:34 IST" finished-at="2020-11-17T10:48:35 IST">
          <reporter-output>
          </reporter-output>
        </test-method> <!-- verify_the_file_is_downloaded -->
        <test-method status="PASS" signature="user_to_check_whether_select_all_is_enabled()[pri:11, instance:stepDefinations.TpdDef@5d99c6b5]" name="user_to_check_whether_select_all_is_enabled" duration-ms="2033" started-at="2020-11-17T10:48:35 IST" finished-at="2020-11-17T10:48:37 IST">
          <reporter-output>
          </reporter-output>
        </test-method> <!-- user_to_check_whether_select_all_is_enabled -->
        <test-method status="PASS" signature="user_clicks_on_select_all()[pri:12, instance:stepDefinations.TpdDef@5d99c6b5]" name="user_clicks_on_select_all" duration-ms="58" started-at="2020-11-17T10:48:37 IST" finished-at="2020-11-17T10:48:37 IST">
          <reporter-output>
          </reporter-output>
        </test-method> <!-- user_clicks_on_select_all -->
        <test-method status="PASS" signature="verify_whether_all_the_checkboxes_are_enabled()[pri:13, instance:stepDefinations.TpdDef@5d99c6b5]" name="verify_whether_all_the_checkboxes_are_enabled" duration-ms="2231" started-at="2020-11-17T10:48:37 IST" finished-at="2020-11-17T10:48:39 IST">
          <reporter-output>
          </reporter-output>
        </test-method> <!-- verify_whether_all_the_checkboxes_are_enabled -->
        <test-method status="PASS" signature="user_to_click_on_clear_all()[pri:14, instance:stepDefinations.TpdDef@5d99c6b5]" name="user_to_click_on_clear_all" duration-ms="257" started-at="2020-11-17T10:48:39 IST" finished-at="2020-11-17T10:48:39 IST">
          <reporter-output>
          </reporter-output>
        </test-method> <!-- user_to_click_on_clear_all -->
        <test-method status="PASS" signature="user_is_on_tpd_page()[pri:15, instance:stepDefinations.TpdDef@5d99c6b5]" name="user_is_on_tpd_page" duration-ms="2033" started-at="2020-11-17T10:48:39 IST" finished-at="2020-11-17T10:48:41 IST">
          <reporter-output>
          </reporter-output>
        </test-method> <!-- user_is_on_tpd_page -->
        <test-method status="PASS" signature="cycle_month_year_dropdown_is_displayed()[pri:16, instance:stepDefinations.TpdDef@5d99c6b5]" name="cycle_month_year_dropdown_is_displayed" duration-ms="37" started-at="2020-11-17T10:48:41 IST" finished-at="2020-11-17T10:48:41 IST">
          <reporter-output>
          </reporter-output>
        </test-method> <!-- cycle_month_year_dropdown_is_displayed -->
        <test-method status="PASS" signature="verify_table_grid_is_dispalyed()[pri:17, instance:stepDefinations.TpdDef@5d99c6b5]" name="verify_table_grid_is_dispalyed" duration-ms="145" started-at="2020-11-17T10:48:41 IST" finished-at="2020-11-17T10:48:41 IST">
          <reporter-output>
          </reporter-output>
        </test-method> <!-- verify_table_grid_is_dispalyed -->
        <test-method status="PASS" signature="verify_gross_total_is_displayed()[pri:18, instance:stepDefinations.TpdDef@5d99c6b5]" name="verify_gross_total_is_displayed" duration-ms="24" started-at="2020-11-17T10:48:41 IST" finished-at="2020-11-17T10:48:41 IST">
          <reporter-output>
          </reporter-output>
        </test-method> <!-- verify_gross_total_is_displayed -->
        <test-method status="FAIL" signature="verify_download_statement_is_displayed()[pri:19, instance:stepDefinations.TpdDef@5d99c6b5]" name="verify_download_statement_is_displayed" duration-ms="50" started-at="2020-11-17T10:48:41 IST" finished-at="2020-11-17T10:48:41 IST">
          <exception class="java.lang.AssertionError">
            <message>
              <![CDATA[expected [Download Statement] but found [Downloa Statement]]]>
            </message>
            <full-stacktrace>
              <![CDATA[java.lang.AssertionError: expected [Download Statement] but found [Downloa Statement]
at org.testng.Assert.fail(Assert.java:97)
at org.testng.Assert.assertEqualsImpl(Assert.java:136)
at org.testng.Assert.assertEquals(Assert.java:118)
at org.testng.Assert.assertEquals(Assert.java:575)
at org.testng.Assert.assertEquals(Assert.java:585)
at stepDefinations.TpdDef.verify_download_statement_is_displayed(TpdDef.java:296)
at sun.reflect.NativeMethodAccessorImpl.invoke0(Native Method)
at sun.reflect.NativeMethodAccessorImpl.invoke(Unknown Source)
at sun.reflect.DelegatingMethodAccessorImpl.invoke(Unknown Source)
at java.lang.reflect.Method.invoke(Unknown Source)
at org.testng.internal.MethodInvocationHelper.invokeMethod(MethodInvocationHelper.java:133)
at org.testng.internal.TestInvoker.invokeMethod(TestInvoker.java:584)
at org.testng.internal.TestInvoker.invokeTestMethod(TestInvoker.java:172)
at org.testng.internal.MethodRunner.runInSequence(MethodRunner.java:46)
at org.testng.internal.TestInvoker$MethodInvocationAgent.invoke(TestInvoker.java:804)
at org.testng.internal.TestInvoker.invokeTestMethods(TestInvoker.java:145)
at org.testng.internal.TestMethodWorker.invokeTestMethods(TestMethodWorker.java:146)
at org.testng.internal.TestMethodWorker.run(TestMethodWorker.java:128)
at java.util.ArrayList.forEach(Unknown Source)
at org.testng.TestRunner.privateRun(TestRunner.java:770)
at org.testng.TestRunner.run(TestRunner.java:591)
at org.testng.SuiteRunner.runTest(SuiteRunner.java:402)
at org.testng.SuiteRunner.runSequentially(SuiteRunner.java:396)
at org.testng.SuiteRunner.privateRun(SuiteRunner.java:355)
at org.testng.SuiteRunner.run(SuiteRunner.java:304)
at org.testng.SuiteRunnerWorker.runSuite(SuiteRunnerWorker.java:53)
at org.testng.SuiteRunnerWorker.run(SuiteRunnerWorker.java:96)
at org.testng.TestNG.runSuitesSequentially(TestNG.java:1180)
at org.testng.TestNG.runSuitesLocally(TestNG.java:1102)
at org.testng.TestNG.runSuites(TestNG.java:1032)
at org.testng.TestNG.run(TestNG.java:1000)
at org.testng.remote.AbstractRemoteTestNG.run(AbstractRemoteTestNG.java:115)
at org.testng.remote.RemoteTestNG.initAndRun(RemoteTestNG.java:251)
at org.testng.remote.RemoteTestNG.main(RemoteTestNG.java:77)
]]>
            </full-stacktrace>
          </exception> <!-- java.lang.AssertionError -->
          <reporter-output>
          </reporter-output>
        </test-method> <!-- verify_download_statement_is_displayed -->
      </class> <!-- stepDefinations.TpdDef -->
    </test> <!-- Test -->
  </suite> <!-- Suite -->
</testng-results>
