<?xml version="1.0" encoding="UTF-8"?>
<!-- Generated by org.testng.reporters.JUnitXMLReporter -->
<testsuite hostname="MONO-HYD-LAP-67" ignored="0" name="Test" tests="6" failures="0" timestamp="2020-11-22T23:20:20 IST" time="55.512" errors="0">
  <testcase name="user_is_On_TPD_Login_Page" time="10.51" classname="stepDefinations.TpdDef"/>
  <testcase name="user_enters_Username_and_Password_and_clicks_on_log_in" time="0.48" classname="stepDefinations.TpdDef"/>
  <testcase name="validate_User_is_on_TPD_Page" time="3.282" classname="stepDefinations.TpdDef"/>
  <testcase name="select_cycle_month_year_in_the_dropdown_and_click_on_search" time="2.434" classname="stepDefinations.TpdDef"/>
  <testcase name="verify_commission_statement_is_displayed" time="0.032" classname="stepDefinations.TpdDef"/>
  <testcase name="user_clicks_on_show_hide" time="0.487" classname="stepDefinations.TpdDef"/>
</testsuite> <!-- Test -->
